<?xml version="1.0" encoding="UTF-8"?>
<testsuite name="rspec" tests="9" failures="0" errors="0" time="33.311043" timestamp="2016-03-20T13:31:39-07:00">
  <!-- Randomized with seed 39544 -->
  <properties/>
  <testcase classname="spec.features.zipcode_negative_spec" name="autoblog zipcode validation test flow verifies zipcode with special characters" file="./spec/features/zipcode_negative_spec.rb" time="10.104948"/>
  <testcase classname="spec.features.zipcode_negative_spec" name="autoblog zipcode validation test flow verifies zipcode with space" file="./spec/features/zipcode_negative_spec.rb" time="2.481398"/>
  <testcase classname="spec.features.zipcode_negative_spec" name="autoblog zipcode validation test flow verifies zipcode with no digits" file="./spec/features/zipcode_negative_spec.rb" time="3.133783"/>
  <testcase classname="spec.features.zipcode_negative_spec" name="autoblog zipcode validation test flow verifies blank zipcode" file="./spec/features/zipcode_negative_spec.rb" time="2.343832"/>
  <testcase classname="spec.features.zipcode_negative_spec" name="autoblog zipcode validation test flow verifies negative zipcode" file="./spec/features/zipcode_negative_spec.rb" time="2.318086"/>
  <testcase classname="spec.features.zipcode_negative_spec" name="autoblog zipcode validation test flow verifies a zipcode with less than 5 digits" file="./spec/features/zipcode_negative_spec.rb" time="2.293412"/>
  <testcase classname="spec.features.zipcode_negative_spec" name="autoblog zipcode validation test flow verifies a zipcode greater than 5 digits" file="./spec/features/zipcode_negative_spec.rb" time="2.372477"/>
  <testcase classname="spec.features.zipcode_negative_spec" name="autoblog zipcode validation test flow verifies a non-existing zipcode" file="./spec/features/zipcode_negative_spec.rb" time="2.658566"/>
  <testcase classname="spec.features.zipcode_negative_spec" name="autoblog zipcode validation test flow verifies a valid zipcode" file="./spec/features/zipcode_negative_spec.rb" time="5.602002"/>
</testsuite>
